<?xml version="1.0" encoding="UTF-8"?>
<!-- Generated by org.testng.reporters.JUnitReportReporter -->
<testsuite hostname="XPS9560" failures="0" tests="1" name="resources.ExtentReporterNG" time="0.007" errors="0" timestamp="2020-08-14T11:47:57 IST" skipped="0">
  <testcase classname="resources.ExtentReporterNG" name="getReportObject" time="0.007"/>
  <system-out/>
</testsuite> <!-- resources.ExtentReporterNG -->
