<?xml version="1.0" encoding="UTF-8"?>
<!-- Generated by org.testng.reporters.JUnitReportReporter -->
<testsuite hostname="XPS9560" failures="0" tests="3" name="Academy.HomePage" time="0.934" errors="0" timestamp="2020-08-25T14:31:00 IST" skipped="0">
  <testcase classname="Academy.HomePage" name="LoginPage" time="0.369"/>
  <system-out/>
  <testcase classname="Academy.HomePage" name="LoginPage" time="0.283"/>
  <system-out/>
  <testcase classname="Academy.HomePage" name="LoginPage" time="0.282"/>
  <system-out/>
</testsuite> <!-- Academy.HomePage -->
