<?xml version="1.0" encoding="UTF-8"?>
<!-- Generated by org.testng.reporters.JUnitReportReporter -->
<testsuite hostname="XPS9560" failures="0" tests="1" name="Academy.ValidateNavBar" time="0.073" errors="0" timestamp="2020-09-20T18:32:40 IST" skipped="0">
  <testcase classname="Academy.ValidateNavBar" name="getNavBar" time="0.073"/>
  <system-out/>
</testsuite> <!-- Academy.ValidateNavBar -->
