<?xml version="1.0" encoding="UTF-8"?>
<!-- Generated by org.testng.reporters.JUnitReportReporter -->
<testsuite hostname="XPS9560" failures="0" tests="3" name="Academy.LoginHome" time="1.333" errors="0" timestamp="2020-09-20T18:32:40 IST" skipped="0">
  <testcase classname="Academy.LoginHome" name="LoginPage" time="0.617"/>
  <system-out/>
  <testcase classname="Academy.LoginHome" name="LoginPage" time="0.406"/>
  <system-out/>
  <testcase classname="Academy.LoginHome" name="LoginPage" time="0.310"/>
  <system-out/>
</testsuite> <!-- Academy.LoginHome -->
