<?xml version="1.0" encoding="UTF-8"?>
<!-- Generated by org.testng.reporters.JUnitReportReporter -->
<testsuite hostname="XPS9560" failures="0" tests="3" name="Academy.LoginPate" time="0.948" errors="0" timestamp="2020-08-25T14:34:45 IST" skipped="0">
  <testcase classname="Academy.LoginPate" name="LoginPage" time="0.302"/>
  <system-out/>
  <testcase classname="Academy.LoginPate" name="LoginPage" time="0.292"/>
  <system-out/>
  <testcase classname="Academy.LoginPate" name="LoginPage" time="0.354"/>
  <system-out/>
</testsuite> <!-- Academy.LoginPate -->
