<?xml version="1.0" encoding="UTF-8"?>
<!-- Generated by org.testng.reporters.JUnitReportReporter -->
<testsuite hostname="XPS9560" failures="0" tests="3" name="Academy.LoginHome" time="1.963" errors="0" timestamp="2020-09-20T18:37:13 IST" skipped="0">
  <testcase classname="Academy.LoginHome" name="LoginPage" time="0.559"/>
  <system-out/>
  <testcase classname="Academy.LoginHome" name="LoginPage" time="0.925"/>
  <system-out/>
  <testcase classname="Academy.LoginHome" name="LoginPage" time="0.479"/>
  <system-out/>
</testsuite> <!-- Academy.LoginHome -->
