<?xml version="1.0" encoding="UTF-8"?>
<!-- Generated by org.testng.reporters.JUnitReportReporter -->
<testsuite hostname="XPS9560" failures="0" tests="3" name="Academy.LoginHome" time="0.744" errors="0" timestamp="2020-08-25T14:54:23 IST" skipped="0">
  <testcase classname="Academy.LoginHome" name="LoginPage" time="0.227"/>
  <system-out/>
  <testcase classname="Academy.LoginHome" name="LoginPage" time="0.292"/>
  <system-out/>
  <testcase classname="Academy.LoginHome" name="LoginPage" time="0.225"/>
  <system-out/>
</testsuite> <!-- Academy.LoginHome -->
