<?xml version="1.0" encoding="UTF-8"?>
<!-- Generated by org.testng.reporters.JUnitReportReporter -->
<testsuite hostname="XPS9560" failures="0" tests="1" name="Academy.ValidateNavBar" time="0.082" errors="0" timestamp="2020-08-25T14:54:23 IST" skipped="0">
  <testcase classname="Academy.ValidateNavBar" name="getNavBar" time="0.082"/>
  <system-out/>
</testsuite> <!-- Academy.ValidateNavBar -->
